<?xml version="1.0" encoding="UTF-8"?>
<testsuite xmlns:xsi="http://www.w3.org/2001/XMLSchema-instance" xsi:noNamespaceSchemaLocation="https://maven.apache.org/surefire/maven-surefire-plugin/xsd/surefire-test-report-3.0.xsd" version="3.0" name="TestSuite" time="8.054" tests="1" errors="0" skipped="0" failures="1">
  <properties>
[...]
</properties>
  <testcase name="NewUserFlow" classname="Android_RegisterNewUser" time="7.757">
    <failure message="java.lang.NoSuchMethodException: jdk.proxy2.$Proxy4.proxyClassLookup()" type="java.lang.RuntimeException"><![CDATA[java.lang.RuntimeException: java.lang.NoSuchMethodException: jdk.proxy2.$Proxy4.proxyClassLookup()
	at Android_RegisterNewUser.NewUserFlow(Android_RegisterNewUser.java:27)
Caused by: java.lang.NoSuchMethodException: jdk.proxy2.$Proxy4.proxyClassLookup()
	at Android_RegisterNewUser.NewUserFlow(Android_RegisterNewUser.java:27)
]]></failure>
    <system-err><![CDATA[Aug 01, 2023 5:53:48 PM io.appium.java_client.remote.AppiumCommandExecutor$1 lambda$0
INFO: Detected dialect: W3C
]]></system-err>
  </testcase>
</testsuite>